Using pre-set license
Built from '2020.3/staging' branch; Version is '2020.3.3f1 (76626098c1c4) revision 7758432'; Using compiler version '192528614'; Build Type 'Release'
OS: 'Windows 10 Home; OS build 19042.985; Version 2009; 64bit' Language: 'en' Physical Memory: 32682 MB
BatchMode: 1, IsHumanControllingUs: 0, StartBugReporterOnCrash: 0, Is64bit: 1, IsPro: 0

 COMMAND LINE ARGUMENTS:
C:\Program Files\Unity\Hub\Editor\2020.3.3f1\Editor\Unity.exe
-adb2
-batchMode
-noUpm
-name
AssetImportWorker0
-projectPath
C:/Users/Jonas/Documents/Soft-Dev Final Project/Final Project
-logFile
Logs/AssetImportWorker0.log
-srvPort
53726
Successfully changed project path to: C:/Users/Jonas/Documents/Soft-Dev Final Project/Final Project
C:/Users/Jonas/Documents/Soft-Dev Final Project/Final Project
Using Asset Import Pipeline V2.
Refreshing native plugins compatible for Editor in 32.12 ms, found 1 plugins.
Preloading 0 native plugins for Editor in 0.00 ms.
Initialize engine version: 2020.3.3f1 (76626098c1c4)
[Subsystems] Discovering subsystems at path C:/Program Files/Unity/Hub/Editor/2020.3.3f1/Editor/Data/Resources/UnitySubsystems
[Subsystems] Discovering subsystems at path C:/Users/Jonas/Documents/Soft-Dev Final Project/Final Project/Assets
GfxDevice: creating device client; threaded=0
Direct3D:
    Version:  Direct3D 11.0 [level 11.1]
    Renderer: NVIDIA GeForce RTX 2070 SUPER (ID=0x1e84)
    Vendor:   
    VRAM:     8011 MB
    Driver:   27.21.14.6663
Initialize mono
Mono path[0] = 'C:/Program Files/Unity/Hub/Editor/2020.3.3f1/Editor/Data/Managed'
Mono path[1] = 'C:/Program Files/Unity/Hub/Editor/2020.3.3f1/Editor/Data/MonoBleedingEdge/lib/mono/unityjit'
Mono config path = 'C:/Program Files/Unity/Hub/Editor/2020.3.3f1/Editor/Data/MonoBleedingEdge/etc'
Using monoOptions --debugger-agent=transport=dt_socket,embedding=1,server=y,suspend=n,address=127.0.0.1:56172
Begin MonoManager ReloadAssembly
Registering precompiled unity dll's ...
Register platform support module: C:/Program Files/Unity/Hub/Editor/2020.3.3f1/Editor/Data/PlaybackEngines/MacStandaloneSupport/UnityEditor.OSXStandalone.Extensions.dll
Register platform support module: C:/Program Files/Unity/Hub/Editor/2020.3.3f1/Editor/Data/PlaybackEngines/WindowsStandaloneSupport/UnityEditor.WindowsStandalone.Extensions.dll
Registered in 0.001772 seconds.
Native extension for WindowsStandalone target not found
Native extension for OSXStandalone target not found
Refreshing native plugins compatible for Editor in 31.22 ms, found 1 plugins.
Preloading 0 native plugins for Editor in 0.00 ms.
Invoked RoslynAnalysisRunner static constructor.
RoslynAnalysisRunner will not be running.
RoslynAnalysisRunner has terminated.
Mono: successfully reloaded assembly
- Completed reload, in  0.786 seconds
Platform modules already initialized, skipping
Registering precompiled user dll's ...
Registered in 0.000848 seconds.
Begin MonoManager ReloadAssembly
Native extension for WindowsStandalone target not found
Native extension for OSXStandalone target not found
Refreshing native plugins compatible for Editor in 31.59 ms, found 1 plugins.
Preloading 0 native plugins for Editor in 0.00 ms.
Invoked RoslynAnalysisRunner static constructor.
RoslynAnalysisRunner will not be running.
RoslynAnalysisRunner has terminated.
Mono: successfully reloaded assembly
- Completed reload, in  0.772 seconds
Platform modules already initialized, skipping
========================================================================
Worker process is ready to serve import requests
Launched and connected shader compiler UnityShaderCompiler.exe after 0.05 seconds
Refreshing native plugins compatible for Editor in 0.35 ms, found 1 plugins.
Preloading 0 native plugins for Editor in 0.00 ms.
Unloading 1895 Unused Serialized files (Serialized files now loaded: 0)
System memory in use before: 89.5 MB.
System memory in use after: 89.5 MB.

Unloading 23 unused Assets to reduce memory usage. Loaded Objects now: 2343.
Total: 1.820800 ms (FindLiveObjects: 0.225100 ms CreateObjectMapping: 0.089900 ms MarkObjects: 1.409300 ms  DeleteObjects: 0.095500 ms)

========================================================================
Received Import Request.
  path: Assets/Sprites/Instructions/Instructions Images1Crop.png
  artifactKey: Guid(0e52253a1156d2846a0f269d87e37da3) Importer(815301076,1909f56bfc062723c751e8b465ee728b)
Start importing Assets/Sprites/Instructions/Instructions Images1Crop.png using Guid(0e52253a1156d2846a0f269d87e37da3) Importer(815301076,1909f56bfc062723c751e8b465ee728b)  -> (artifact id: '5bf427bd13203f3045accd871046cb12') in 0.100532 seconds
  Import took 0.103106 seconds .

========================================================================
Received Import Request.
  Time since last request: 5.360648 seconds.
  path: Assets/Sprites/Instructions/Instructions Images2Crop.png
  artifactKey: Guid(2373fe2742039464bb74fa170fce3c42) Importer(815301076,1909f56bfc062723c751e8b465ee728b)
Start importing Assets/Sprites/Instructions/Instructions Images2Crop.png using Guid(2373fe2742039464bb74fa170fce3c42) Importer(815301076,1909f56bfc062723c751e8b465ee728b)  -> (artifact id: '3f3152f08c29a8da4d97400495caabef') in 0.016721 seconds
  Import took 0.019279 seconds .

========================================================================
Received Import Request.
  Time since last request: 0.070779 seconds.
  path: Assets/Sprites/Instructions/Instructions Images3Crop.png
  artifactKey: Guid(dbbcebf8c22934744ba626cadb052559) Importer(815301076,1909f56bfc062723c751e8b465ee728b)
Start importing Assets/Sprites/Instructions/Instructions Images3Crop.png using Guid(dbbcebf8c22934744ba626cadb052559) Importer(815301076,1909f56bfc062723c751e8b465ee728b)  -> (artifact id: 'f2a8d4fedd5c79497f35a0f2f3f7d0ef') in 0.020954 seconds
  Import took 0.023911 seconds .

========================================================================
Received Import Request.
  Time since last request: 0.000255 seconds.
  path: Assets/Sprites/Instructions/Instructions Images5Crop.png
  artifactKey: Guid(0d27d38175616b9439655660629dab7d) Importer(815301076,1909f56bfc062723c751e8b465ee728b)
Start importing Assets/Sprites/Instructions/Instructions Images5Crop.png using Guid(0d27d38175616b9439655660629dab7d) Importer(815301076,1909f56bfc062723c751e8b465ee728b)  -> (artifact id: '28afcd981e841d86966b2975791f4b2b') in 0.040126 seconds
  Import took 0.042696 seconds .

========================================================================
Received Import Request.
  Time since last request: 0.000189 seconds.
  path: Assets/Sprites/Instructions/Instructions Images4Crop.png
  artifactKey: Guid(cf2a8f92454b0ef48a33b2aab7957d2b) Importer(815301076,1909f56bfc062723c751e8b465ee728b)
Start importing Assets/Sprites/Instructions/Instructions Images4Crop.png using Guid(cf2a8f92454b0ef48a33b2aab7957d2b) Importer(815301076,1909f56bfc062723c751e8b465ee728b)  -> (artifact id: 'cf62f6a1212fd888c5d1044c1b58cd5d') in 0.018408 seconds
  Import took 0.020884 seconds .

========================================================================
Received Prepare
Registering precompiled user dll's ...
Registered in 0.000880 seconds.
Begin MonoManager ReloadAssembly
Native extension for WindowsStandalone target not found
Native extension for OSXStandalone target not found
Refreshing native plugins compatible for Editor in 0.34 ms, found 1 plugins.
Preloading 0 native plugins for Editor in 0.00 ms.
Invoked RoslynAnalysisRunner static constructor.
RoslynAnalysisRunner will not be running.
RoslynAnalysisRunner has terminated.
Mono: successfully reloaded assembly
- Completed reload, in  1.246 seconds
Platform modules already initialized, skipping
Refreshing native plugins compatible for Editor in 0.33 ms, found 1 plugins.
Preloading 0 native plugins for Editor in 0.00 ms.
Unloading 1877 Unused Serialized files (Serialized files now loaded: 0)
System memory in use before: 91.3 MB.
System memory in use after: 91.3 MB.

Unloading 13 unused Assets to reduce memory usage. Loaded Objects now: 2360.
Total: 1.898200 ms (FindLiveObjects: 0.163900 ms CreateObjectMapping: 0.065200 ms MarkObjects: 1.574000 ms  DeleteObjects: 0.093900 ms)

========================================================================
Received Prepare
Registering precompiled user dll's ...
Registered in 0.000764 seconds.
Begin MonoManager ReloadAssembly
Native extension for WindowsStandalone target not found
Native extension for OSXStandalone target not found
Refreshing native plugins compatible for Editor in 0.34 ms, found 1 plugins.
Preloading 0 native plugins for Editor in 0.00 ms.
Invoked RoslynAnalysisRunner static constructor.
RoslynAnalysisRunner will not be running.
RoslynAnalysisRunner has terminated.
Mono: successfully reloaded assembly
- Completed reload, in  0.713 seconds
Platform modules already initialized, skipping
Refreshing native plugins compatible for Editor in 0.36 ms, found 1 plugins.
Preloading 0 native plugins for Editor in 0.00 ms.
Unloading 1877 Unused Serialized files (Serialized files now loaded: 0)
System memory in use before: 91.3 MB.
System memory in use after: 91.3 MB.

Unloading 13 unused Assets to reduce memory usage. Loaded Objects now: 2363.
Total: 1.707800 ms (FindLiveObjects: 0.158900 ms CreateObjectMapping: 0.054700 ms MarkObjects: 1.404700 ms  DeleteObjects: 0.088400 ms)

========================================================================
Received Import Request.
  Time since last request: 774.890091 seconds.
  path: Assets/Scenes/Level 1.unity
  artifactKey: Guid(09fd0231d20254f4dad813de2091e77f) Importer(815301076,1909f56bfc062723c751e8b465ee728b)
Start importing Assets/Scenes/Level 1.unity using Guid(09fd0231d20254f4dad813de2091e77f) Importer(815301076,1909f56bfc062723c751e8b465ee728b)  -> (artifact id: '715710b0476aebad5e83b5a5d686291b') in 0.009329 seconds
  Import took 0.012127 seconds .

========================================================================
Received Prepare
Registering precompiled user dll's ...
Registered in 0.000777 seconds.
Begin MonoManager ReloadAssembly
Native extension for WindowsStandalone target not found
Native extension for OSXStandalone target not found
Refreshing native plugins compatible for Editor in 0.37 ms, found 1 plugins.
Preloading 0 native plugins for Editor in 0.00 ms.
Invoked RoslynAnalysisRunner static constructor.
RoslynAnalysisRunner will not be running.
RoslynAnalysisRunner has terminated.
Mono: successfully reloaded assembly
- Completed reload, in  0.789 seconds
Platform modules already initialized, skipping
Refreshing native plugins compatible for Editor in 0.39 ms, found 1 plugins.
Preloading 0 native plugins for Editor in 0.00 ms.
Unloading 1877 Unused Serialized files (Serialized files now loaded: 0)
System memory in use before: 91.4 MB.
System memory in use after: 91.3 MB.

Unloading 13 unused Assets to reduce memory usage. Loaded Objects now: 2366.
Total: 1.663200 ms (FindLiveObjects: 0.164600 ms CreateObjectMapping: 0.060000 ms MarkObjects: 1.335200 ms  DeleteObjects: 0.102600 ms)

========================================================================
Received Prepare
Registering precompiled user dll's ...
Registered in 0.000841 seconds.
Begin MonoManager ReloadAssembly
Native extension for WindowsStandalone target not found
Native extension for OSXStandalone target not found
Refreshing native plugins compatible for Editor in 0.34 ms, found 1 plugins.
Preloading 0 native plugins for Editor in 0.00 ms.
Invoked RoslynAnalysisRunner static constructor.
RoslynAnalysisRunner will not be running.
RoslynAnalysisRunner has terminated.
Mono: successfully reloaded assembly
- Completed reload, in  0.732 seconds
Platform modules already initialized, skipping
Refreshing native plugins compatible for Editor in 0.32 ms, found 1 plugins.
Preloading 0 native plugins for Editor in 0.00 ms.
Unloading 1877 Unused Serialized files (Serialized files now loaded: 0)
System memory in use before: 91.4 MB.
System memory in use after: 91.4 MB.

Unloading 13 unused Assets to reduce memory usage. Loaded Objects now: 2369.
Total: 2.018900 ms (FindLiveObjects: 0.205800 ms CreateObjectMapping: 0.083700 ms MarkObjects: 1.627200 ms  DeleteObjects: 0.100900 ms)

========================================================================
Received Prepare
Registering precompiled user dll's ...
Registered in 0.000780 seconds.
Begin MonoManager ReloadAssembly
Native extension for WindowsStandalone target not found
Native extension for OSXStandalone target not found
Refreshing native plugins compatible for Editor in 0.45 ms, found 1 plugins.
Preloading 0 native plugins for Editor in 0.00 ms.
Invoked RoslynAnalysisRunner static constructor.
RoslynAnalysisRunner will not be running.
RoslynAnalysisRunner has terminated.
Mono: successfully reloaded assembly
- Completed reload, in  0.710 seconds
Platform modules already initialized, skipping
Refreshing native plugins compatible for Editor in 0.34 ms, found 1 plugins.
Preloading 0 native plugins for Editor in 0.00 ms.
Unloading 1877 Unused Serialized files (Serialized files now loaded: 0)
System memory in use before: 91.4 MB.
System memory in use after: 91.4 MB.

Unloading 13 unused Assets to reduce memory usage. Loaded Objects now: 2372.
Total: 1.699100 ms (FindLiveObjects: 0.165900 ms CreateObjectMapping: 0.061500 ms MarkObjects: 1.376500 ms  DeleteObjects: 0.094300 ms)

========================================================================
Received Prepare
Registering precompiled user dll's ...
Registered in 0.000776 seconds.
Begin MonoManager ReloadAssembly
Native extension for WindowsStandalone target not found
Native extension for OSXStandalone target not found
Refreshing native plugins compatible for Editor in 0.34 ms, found 1 plugins.
Preloading 0 native plugins for Editor in 0.00 ms.
Invoked RoslynAnalysisRunner static constructor.
RoslynAnalysisRunner will not be running.
RoslynAnalysisRunner has terminated.
Mono: successfully reloaded assembly
- Completed reload, in  0.701 seconds
Platform modules already initialized, skipping
Refreshing native plugins compatible for Editor in 0.33 ms, found 1 plugins.
Preloading 0 native plugins for Editor in 0.00 ms.
Unloading 1877 Unused Serialized files (Serialized files now loaded: 0)
System memory in use before: 91.4 MB.
System memory in use after: 91.4 MB.

Unloading 13 unused Assets to reduce memory usage. Loaded Objects now: 2375.
Total: 1.876500 ms (FindLiveObjects: 0.194400 ms CreateObjectMapping: 0.086500 ms MarkObjects: 1.497100 ms  DeleteObjects: 0.097500 ms)

========================================================================
Received Prepare
Registering precompiled user dll's ...
Registered in 0.000755 seconds.
Begin MonoManager ReloadAssembly
Native extension for WindowsStandalone target not found
Native extension for OSXStandalone target not found
Refreshing native plugins compatible for Editor in 0.33 ms, found 1 plugins.
Preloading 0 native plugins for Editor in 0.00 ms.
Invoked RoslynAnalysisRunner static constructor.
RoslynAnalysisRunner will not be running.
RoslynAnalysisRunner has terminated.
Mono: successfully reloaded assembly
- Completed reload, in  0.719 seconds
Platform modules already initialized, skipping
Refreshing native plugins compatible for Editor in 0.33 ms, found 1 plugins.
Preloading 0 native plugins for Editor in 0.00 ms.
Unloading 1877 Unused Serialized files (Serialized files now loaded: 0)
System memory in use before: 91.4 MB.
System memory in use after: 91.4 MB.

Unloading 13 unused Assets to reduce memory usage. Loaded Objects now: 2378.
Total: 1.624900 ms (FindLiveObjects: 0.162300 ms CreateObjectMapping: 0.061500 ms MarkObjects: 1.313100 ms  DeleteObjects: 0.087200 ms)

========================================================================
Received Prepare
Registering precompiled user dll's ...
Registered in 0.001009 seconds.
Begin MonoManager ReloadAssembly
Native extension for WindowsStandalone target not found
Native extension for OSXStandalone target not found
Refreshing native plugins compatible for Editor in 0.33 ms, found 1 plugins.
Preloading 0 native plugins for Editor in 0.00 ms.
Invoked RoslynAnalysisRunner static constructor.
RoslynAnalysisRunner will not be running.
RoslynAnalysisRunner has terminated.
Mono: successfully reloaded assembly
- Completed reload, in  0.806 seconds
Platform modules already initialized, skipping
Refreshing native plugins compatible for Editor in 0.35 ms, found 1 plugins.
Preloading 0 native plugins for Editor in 0.00 ms.
Unloading 1877 Unused Serialized files (Serialized files now loaded: 0)
System memory in use before: 91.4 MB.
System memory in use after: 91.4 MB.

Unloading 13 unused Assets to reduce memory usage. Loaded Objects now: 2381.
Total: 2.228100 ms (FindLiveObjects: 0.196500 ms CreateObjectMapping: 0.087800 ms MarkObjects: 1.848800 ms  DeleteObjects: 0.094100 ms)

========================================================================
Received Import Request.
  Time since last request: 488.244531 seconds.
  path: Assets/Scripts/PauseMenu.cs
  artifactKey: Guid(acdafe99ef361fd498038f892544d3da) Importer(815301076,1909f56bfc062723c751e8b465ee728b)
Start importing Assets/Scripts/PauseMenu.cs using Guid(acdafe99ef361fd498038f892544d3da) Importer(815301076,1909f56bfc062723c751e8b465ee728b)  -> (artifact id: 'ea787f47e5689a93662b591ca1519637') in 0.012154 seconds
  Import took 0.014982 seconds .

========================================================================
Received Prepare
Registering precompiled user dll's ...
Registered in 0.000933 seconds.
Begin MonoManager ReloadAssembly
Native extension for WindowsStandalone target not found
Native extension for OSXStandalone target not found
Refreshing native plugins compatible for Editor in 0.33 ms, found 1 plugins.
Preloading 0 native plugins for Editor in 0.00 ms.
Invoked RoslynAnalysisRunner static constructor.
RoslynAnalysisRunner will not be running.
RoslynAnalysisRunner has terminated.
Mono: successfully reloaded assembly
- Completed reload, in  0.707 seconds
Platform modules already initialized, skipping
Refreshing native plugins compatible for Editor in 0.32 ms, found 1 plugins.
Preloading 0 native plugins for Editor in 0.00 ms.
Unloading 1877 Unused Serialized files (Serialized files now loaded: 0)
System memory in use before: 91.4 MB.
System memory in use after: 91.4 MB.

Unloading 13 unused Assets to reduce memory usage. Loaded Objects now: 2384.
Total: 1.722700 ms (FindLiveObjects: 0.158100 ms CreateObjectMapping: 0.056200 ms MarkObjects: 1.412900 ms  DeleteObjects: 0.094500 ms)

========================================================================
Received Import Request.
  Time since last request: 174.037734 seconds.
  path: Assets/Scripts/New Folder
  artifactKey: Guid(09d044a8c039c854d83426f9e0e201d2) Importer(815301076,1909f56bfc062723c751e8b465ee728b)
Start importing Assets/Scripts/New Folder using Guid(09d044a8c039c854d83426f9e0e201d2) Importer(815301076,1909f56bfc062723c751e8b465ee728b)  -> (artifact id: 'c65fccd23d55f3790efa49e2ec833427') in 0.008285 seconds
  Import took 0.010979 seconds .

========================================================================
Received Import Request.
  Time since last request: 9.738930 seconds.
  path: Assets/Scripts/InstructionsMenu.cs
  artifactKey: Guid(57c548cef86a1dc4a9f016c2b3c5af20) Importer(815301076,1909f56bfc062723c751e8b465ee728b)
Start importing Assets/Scripts/InstructionsMenu.cs using Guid(57c548cef86a1dc4a9f016c2b3c5af20) Importer(815301076,1909f56bfc062723c751e8b465ee728b)  -> (artifact id: 'bcfd90139e18880e774cc841c3b95c26') in 0.006600 seconds
  Import took 0.009625 seconds .

========================================================================
Received Prepare
Registering precompiled user dll's ...
Registered in 0.000804 seconds.
Begin MonoManager ReloadAssembly
Native extension for WindowsStandalone target not found
Native extension for OSXStandalone target not found
Refreshing native plugins compatible for Editor in 0.38 ms, found 1 plugins.
Preloading 0 native plugins for Editor in 0.00 ms.
Invoked RoslynAnalysisRunner static constructor.
RoslynAnalysisRunner will not be running.
RoslynAnalysisRunner has terminated.
Mono: successfully reloaded assembly
- Completed reload, in  0.820 seconds
Platform modules already initialized, skipping
Refreshing native plugins compatible for Editor in 0.38 ms, found 1 plugins.
Preloading 0 native plugins for Editor in 0.00 ms.
Unloading 1878 Unused Serialized files (Serialized files now loaded: 0)
System memory in use before: 91.5 MB.
System memory in use after: 91.4 MB.

Unloading 13 unused Assets to reduce memory usage. Loaded Objects now: 2388.
Total: 2.045000 ms (FindLiveObjects: 0.224300 ms CreateObjectMapping: 0.104300 ms MarkObjects: 1.586000 ms  DeleteObjects: 0.129300 ms)

========================================================================
Received Prepare
Registering precompiled user dll's ...
Registered in 0.000887 seconds.
Begin MonoManager ReloadAssembly
Native extension for WindowsStandalone target not found
Native extension for OSXStandalone target not found
Refreshing native plugins compatible for Editor in 0.33 ms, found 1 plugins.
Preloading 0 native plugins for Editor in 0.00 ms.
Invoked RoslynAnalysisRunner static constructor.
RoslynAnalysisRunner will not be running.
RoslynAnalysisRunner has terminated.
Mono: successfully reloaded assembly
- Completed reload, in  0.712 seconds
Platform modules already initialized, skipping
Refreshing native plugins compatible for Editor in 0.37 ms, found 1 plugins.
Preloading 0 native plugins for Editor in 0.00 ms.
Unloading 1878 Unused Serialized files (Serialized files now loaded: 0)
System memory in use before: 91.5 MB.
System memory in use after: 91.4 MB.

Unloading 13 unused Assets to reduce memory usage. Loaded Objects now: 2391.
Total: 2.313000 ms (FindLiveObjects: 0.263200 ms CreateObjectMapping: 0.097800 ms MarkObjects: 1.831400 ms  DeleteObjects: 0.119400 ms)

========================================================================
Received Import Request.
  Time since last request: 46.118102 seconds.
  path: Assets/Scripts/InstructionsMenu.cs
  artifactKey: Guid(57c548cef86a1dc4a9f016c2b3c5af20) Importer(815301076,1909f56bfc062723c751e8b465ee728b)
Start importing Assets/Scripts/InstructionsMenu.cs using Guid(57c548cef86a1dc4a9f016c2b3c5af20) Importer(815301076,1909f56bfc062723c751e8b465ee728b)  -> (artifact id: 'f5d1fb4cea6bf87ccb301f12b44e5867') in 0.004142 seconds
  Import took 0.006834 seconds .

========================================================================
Received Prepare
Registering precompiled user dll's ...
Registered in 0.000722 seconds.
Begin MonoManager ReloadAssembly
Native extension for WindowsStandalone target not found
Native extension for OSXStandalone target not found
Refreshing native plugins compatible for Editor in 0.34 ms, found 1 plugins.
Preloading 0 native plugins for Editor in 0.00 ms.
Invoked RoslynAnalysisRunner static constructor.
RoslynAnalysisRunner will not be running.
RoslynAnalysisRunner has terminated.
Mono: successfully reloaded assembly
- Completed reload, in  0.711 seconds
Platform modules already initialized, skipping
Refreshing native plugins compatible for Editor in 0.33 ms, found 1 plugins.
Preloading 0 native plugins for Editor in 0.00 ms.
Unloading 1878 Unused Serialized files (Serialized files now loaded: 0)
System memory in use before: 91.5 MB.
System memory in use after: 91.5 MB.

Unloading 13 unused Assets to reduce memory usage. Loaded Objects now: 2394.
Total: 1.814700 ms (FindLiveObjects: 0.175800 ms CreateObjectMapping: 0.054700 ms MarkObjects: 1.483700 ms  DeleteObjects: 0.099700 ms)

========================================================================
Received Prepare
Registering precompiled user dll's ...
Registered in 0.000738 seconds.
Begin MonoManager ReloadAssembly
Native extension for WindowsStandalone target not found
Native extension for OSXStandalone target not found
Refreshing native plugins compatible for Editor in 0.33 ms, found 1 plugins.
Preloading 0 native plugins for Editor in 0.00 ms.
Invoked RoslynAnalysisRunner static constructor.
RoslynAnalysisRunner will not be running.
RoslynAnalysisRunner has terminated.
Mono: successfully reloaded assembly
- Completed reload, in  0.710 seconds
Platform modules already initialized, skipping
Refreshing native plugins compatible for Editor in 0.33 ms, found 1 plugins.
Preloading 0 native plugins for Editor in 0.00 ms.
Unloading 1878 Unused Serialized files (Serialized files now loaded: 0)
System memory in use before: 91.5 MB.
System memory in use after: 91.5 MB.

Unloading 13 unused Assets to reduce memory usage. Loaded Objects now: 2397.
Total: 1.844300 ms (FindLiveObjects: 0.173800 ms CreateObjectMapping: 0.064100 ms MarkObjects: 1.509700 ms  DeleteObjects: 0.096100 ms)

========================================================================
Received Prepare
Registering precompiled user dll's ...
Registered in 0.000777 seconds.
Begin MonoManager ReloadAssembly
Native extension for WindowsStandalone target not found
Native extension for OSXStandalone target not found
Refreshing native plugins compatible for Editor in 0.34 ms, found 1 plugins.
Preloading 0 native plugins for Editor in 0.00 ms.
Invoked RoslynAnalysisRunner static constructor.
RoslynAnalysisRunner will not be running.
RoslynAnalysisRunner has terminated.
Mono: successfully reloaded assembly
- Completed reload, in  0.704 seconds
Platform modules already initialized, skipping
Refreshing native plugins compatible for Editor in 0.33 ms, found 1 plugins.
Preloading 0 native plugins for Editor in 0.00 ms.
Unloading 1878 Unused Serialized files (Serialized files now loaded: 0)
System memory in use before: 91.5 MB.
System memory in use after: 91.5 MB.

Unloading 13 unused Assets to reduce memory usage. Loaded Objects now: 2400.
Total: 1.718700 ms (FindLiveObjects: 0.174100 ms CreateObjectMapping: 0.065300 ms MarkObjects: 1.378000 ms  DeleteObjects: 0.100500 ms)

========================================================================
Received Prepare
Registering precompiled user dll's ...
Registered in 0.000803 seconds.
Begin MonoManager ReloadAssembly
Native extension for WindowsStandalone target not found
Native extension for OSXStandalone target not found
Refreshing native plugins compatible for Editor in 0.38 ms, found 1 plugins.
Preloading 0 native plugins for Editor in 0.00 ms.
Invoked RoslynAnalysisRunner static constructor.
RoslynAnalysisRunner will not be running.
RoslynAnalysisRunner has terminated.
Mono: successfully reloaded assembly
- Completed reload, in  0.705 seconds
Platform modules already initialized, skipping
Refreshing native plugins compatible for Editor in 0.33 ms, found 1 plugins.
Preloading 0 native plugins for Editor in 0.00 ms.
Unloading 1878 Unused Serialized files (Serialized files now loaded: 0)
System memory in use before: 91.5 MB.
System memory in use after: 91.5 MB.

Unloading 13 unused Assets to reduce memory usage. Loaded Objects now: 2403.
Total: 2.111000 ms (FindLiveObjects: 0.188000 ms CreateObjectMapping: 0.140400 ms MarkObjects: 1.658600 ms  DeleteObjects: 0.122900 ms)

========================================================================
Received Prepare
Registering precompiled user dll's ...
Registered in 0.000758 seconds.
Begin MonoManager ReloadAssembly
Native extension for WindowsStandalone target not found
Native extension for OSXStandalone target not found
Refreshing native plugins compatible for Editor in 0.32 ms, found 1 plugins.
Preloading 0 native plugins for Editor in 0.00 ms.
Invoked RoslynAnalysisRunner static constructor.
RoslynAnalysisRunner will not be running.
RoslynAnalysisRunner has terminated.
Mono: successfully reloaded assembly
- Completed reload, in  0.692 seconds
Platform modules already initialized, skipping
Refreshing native plugins compatible for Editor in 0.33 ms, found 1 plugins.
Preloading 0 native plugins for Editor in 0.00 ms.
Unloading 1878 Unused Serialized files (Serialized files now loaded: 0)
System memory in use before: 91.5 MB.
System memory in use after: 91.5 MB.

Unloading 13 unused Assets to reduce memory usage. Loaded Objects now: 2406.
Total: 1.853100 ms (FindLiveObjects: 0.176400 ms CreateObjectMapping: 0.065100 ms MarkObjects: 1.518200 ms  DeleteObjects: 0.092600 ms)

========================================================================
Received Prepare
Registering precompiled user dll's ...
Registered in 0.000831 seconds.
Begin MonoManager ReloadAssembly
Native extension for WindowsStandalone target not found
Native extension for OSXStandalone target not found
Refreshing native plugins compatible for Editor in 0.37 ms, found 1 plugins.
Preloading 0 native plugins for Editor in 0.00 ms.
Invoked RoslynAnalysisRunner static constructor.
RoslynAnalysisRunner will not be running.
RoslynAnalysisRunner has terminated.
Mono: successfully reloaded assembly
- Completed reload, in  0.731 seconds
Platform modules already initialized, skipping
Refreshing native plugins compatible for Editor in 0.33 ms, found 1 plugins.
Preloading 0 native plugins for Editor in 0.00 ms.
Unloading 1878 Unused Serialized files (Serialized files now loaded: 0)
System memory in use before: 91.5 MB.
System memory in use after: 91.5 MB.

Unloading 13 unused Assets to reduce memory usage. Loaded Objects now: 2409.
Total: 1.746500 ms (FindLiveObjects: 0.191100 ms CreateObjectMapping: 0.061700 ms MarkObjects: 1.398800 ms  DeleteObjects: 0.094100 ms)

========================================================================
Received Import Request.
  Time since last request: 409.880393 seconds.
  path: Assets/Scenes/Level 2.unity
  artifactKey: Guid(21ab9837e2c90aa4cb7d21cf902c79ff) Importer(815301076,1909f56bfc062723c751e8b465ee728b)
Start importing Assets/Scenes/Level 2.unity using Guid(21ab9837e2c90aa4cb7d21cf902c79ff) Importer(815301076,1909f56bfc062723c751e8b465ee728b)  -> (artifact id: 'd41ad4fcda63b6d1f78de2dc891bd20e') in 0.014813 seconds
  Import took 0.017814 seconds .

========================================================================
Received Import Request.
  Time since last request: 11.155674 seconds.
  path: Assets/Scenes/Level 3.unity
  artifactKey: Guid(9fe855b900c642e4da610e43e57cea9b) Importer(815301076,1909f56bfc062723c751e8b465ee728b)
Start importing Assets/Scenes/Level 3.unity using Guid(9fe855b900c642e4da610e43e57cea9b) Importer(815301076,1909f56bfc062723c751e8b465ee728b)  -> (artifact id: 'c731c04959ce826b9e86baec832f9bbc') in 0.002286 seconds
  Import took 0.004931 seconds .

========================================================================
Received Prepare
Registering precompiled user dll's ...
Registered in 0.000782 seconds.
Begin MonoManager ReloadAssembly
Native extension for WindowsStandalone target not found
Native extension for OSXStandalone target not found
Refreshing native plugins compatible for Editor in 0.33 ms, found 1 plugins.
Preloading 0 native plugins for Editor in 0.00 ms.
Invoked RoslynAnalysisRunner static constructor.
RoslynAnalysisRunner will not be running.
RoslynAnalysisRunner has terminated.
Mono: successfully reloaded assembly
- Completed reload, in  0.705 seconds
Platform modules already initialized, skipping
Refreshing native plugins compatible for Editor in 0.34 ms, found 1 plugins.
Preloading 0 native plugins for Editor in 0.00 ms.
Unloading 1878 Unused Serialized files (Serialized files now loaded: 0)
System memory in use before: 91.5 MB.
System memory in use after: 91.5 MB.

Unloading 13 unused Assets to reduce memory usage. Loaded Objects now: 2412.
Total: 1.875500 ms (FindLiveObjects: 0.166300 ms CreateObjectMapping: 0.056400 ms MarkObjects: 1.554100 ms  DeleteObjects: 0.097800 ms)

========================================================================
Received Prepare
Registering precompiled user dll's ...
Registered in 0.000746 seconds.
Begin MonoManager ReloadAssembly
Native extension for WindowsStandalone target not found
Native extension for OSXStandalone target not found
Refreshing native plugins compatible for Editor in 0.33 ms, found 1 plugins.
Preloading 0 native plugins for Editor in 0.00 ms.
Invoked RoslynAnalysisRunner static constructor.
RoslynAnalysisRunner will not be running.
RoslynAnalysisRunner has terminated.
Mono: successfully reloaded assembly
- Completed reload, in  0.719 seconds
Platform modules already initialized, skipping
Refreshing native plugins compatible for Editor in 0.49 ms, found 1 plugins.
Preloading 0 native plugins for Editor in 0.00 ms.
Unloading 1878 Unused Serialized files (Serialized files now loaded: 0)
System memory in use before: 91.5 MB.
System memory in use after: 91.5 MB.

Unloading 13 unused Assets to reduce memory usage. Loaded Objects now: 2415.
Total: 1.898500 ms (FindLiveObjects: 0.239800 ms CreateObjectMapping: 0.073100 ms MarkObjects: 1.489800 ms  DeleteObjects: 0.094900 ms)

========================================================================
Received Prepare
Registering precompiled user dll's ...
Registered in 0.000898 seconds.
Begin MonoManager ReloadAssembly
Native extension for WindowsStandalone target not found
Native extension for OSXStandalone target not found
Refreshing native plugins compatible for Editor in 0.33 ms, found 1 plugins.
Preloading 0 native plugins for Editor in 0.00 ms.
Invoked RoslynAnalysisRunner static constructor.
RoslynAnalysisRunner will not be running.
RoslynAnalysisRunner has terminated.
Mono: successfully reloaded assembly
- Completed reload, in  0.716 seconds
Platform modules already initialized, skipping
Refreshing native plugins compatible for Editor in 0.33 ms, found 1 plugins.
Preloading 0 native plugins for Editor in 0.00 ms.
Unloading 1878 Unused Serialized files (Serialized files now loaded: 0)
System memory in use before: 91.5 MB.
System memory in use after: 91.5 MB.

Unloading 13 unused Assets to reduce memory usage. Loaded Objects now: 2418.
Total: 1.652800 ms (FindLiveObjects: 0.181800 ms CreateObjectMapping: 0.058700 ms MarkObjects: 1.322600 ms  DeleteObjects: 0.089100 ms)

========================================================================
Received Import Request.
  Time since last request: 170.039229 seconds.
  path: Assets/Scenes/Level 4.unity
  artifactKey: Guid(465b2d59be25ee84b917ac8e9d48cc6a) Importer(815301076,1909f56bfc062723c751e8b465ee728b)
Start importing Assets/Scenes/Level 4.unity using Guid(465b2d59be25ee84b917ac8e9d48cc6a) Importer(815301076,1909f56bfc062723c751e8b465ee728b)  -> (artifact id: '94bcb12669be4db3bc284882546f7bf0') in 0.014107 seconds
  Import took 0.016750 seconds .

========================================================================
Received Prepare
Registering precompiled user dll's ...
Registered in 0.000737 seconds.
Begin MonoManager ReloadAssembly
Native extension for WindowsStandalone target not found
Native extension for OSXStandalone target not found
Refreshing native plugins compatible for Editor in 0.34 ms, found 1 plugins.
Preloading 0 native plugins for Editor in 0.00 ms.
Invoked RoslynAnalysisRunner static constructor.
RoslynAnalysisRunner will not be running.
RoslynAnalysisRunner has terminated.
Mono: successfully reloaded assembly
- Completed reload, in  0.691 seconds
Platform modules already initialized, skipping
Refreshing native plugins compatible for Editor in 0.33 ms, found 1 plugins.
Preloading 0 native plugins for Editor in 0.00 ms.
Unloading 1878 Unused Serialized files (Serialized files now loaded: 0)
System memory in use before: 91.6 MB.
System memory in use after: 91.5 MB.

Unloading 13 unused Assets to reduce memory usage. Loaded Objects now: 2421.
Total: 1.802500 ms (FindLiveObjects: 0.164500 ms CreateObjectMapping: 0.059300 ms MarkObjects: 1.485200 ms  DeleteObjects: 0.092600 ms)

========================================================================
Received Import Request.
  Time since last request: 94.417517 seconds.
  path: Assets/Scenes/Level 1.unity
  artifactKey: Guid(09fd0231d20254f4dad813de2091e77f) Importer(815301076,1909f56bfc062723c751e8b465ee728b)
Start importing Assets/Scenes/Level 1.unity using Guid(09fd0231d20254f4dad813de2091e77f) Importer(815301076,1909f56bfc062723c751e8b465ee728b)  -> (artifact id: 'de3e92eb0d68345b4942ac264cdecc2d') in 0.010843 seconds
  Import took 0.013631 seconds .

========================================================================
Received Prepare
Registering precompiled user dll's ...
Registered in 0.000763 seconds.
Begin MonoManager ReloadAssembly
Native extension for WindowsStandalone target not found
Native extension for OSXStandalone target not found
Refreshing native plugins compatible for Editor in 0.33 ms, found 1 plugins.
Preloading 0 native plugins for Editor in 0.00 ms.
Invoked RoslynAnalysisRunner static constructor.
RoslynAnalysisRunner will not be running.
RoslynAnalysisRunner has terminated.
Mono: successfully reloaded assembly
- Completed reload, in  0.700 seconds
Platform modules already initialized, skipping
Refreshing native plugins compatible for Editor in 0.34 ms, found 1 plugins.
Preloading 0 native plugins for Editor in 0.00 ms.
Unloading 1878 Unused Serialized files (Serialized files now loaded: 0)
System memory in use before: 91.6 MB.
System memory in use after: 91.6 MB.

Unloading 13 unused Assets to reduce memory usage. Loaded Objects now: 2424.
Total: 1.813300 ms (FindLiveObjects: 0.214900 ms CreateObjectMapping: 0.079400 ms MarkObjects: 1.423700 ms  DeleteObjects: 0.094200 ms)

========================================================================
Received Import Request.
  Time since last request: 56.118165 seconds.
  path: Assets/Scenes/Main Menu.unity
  artifactKey: Guid(2dfefea3aca9e3947bc279dcd2b9fc98) Importer(815301076,1909f56bfc062723c751e8b465ee728b)
Start importing Assets/Scenes/Main Menu.unity using Guid(2dfefea3aca9e3947bc279dcd2b9fc98) Importer(815301076,1909f56bfc062723c751e8b465ee728b)  -> (artifact id: 'b62cd946a2b1644e380978f399252fa1') in 0.013261 seconds
  Import took 0.015833 seconds .

========================================================================
Received Prepare
Registering precompiled user dll's ...
Registered in 0.000800 seconds.
Begin MonoManager ReloadAssembly
Native extension for WindowsStandalone target not found
Native extension for OSXStandalone target not found
Refreshing native plugins compatible for Editor in 0.40 ms, found 1 plugins.
Preloading 0 native plugins for Editor in 0.00 ms.
Invoked RoslynAnalysisRunner static constructor.
RoslynAnalysisRunner will not be running.
RoslynAnalysisRunner has terminated.
Mono: successfully reloaded assembly
- Completed reload, in  0.730 seconds
Platform modules already initialized, skipping
Refreshing native plugins compatible for Editor in 0.39 ms, found 1 plugins.
Preloading 0 native plugins for Editor in 0.00 ms.
Unloading 1878 Unused Serialized files (Serialized files now loaded: 0)
System memory in use before: 91.8 MB.
System memory in use after: 91.8 MB.

Unloading 13 unused Assets to reduce memory usage. Loaded Objects now: 2427.
Total: 1.881600 ms (FindLiveObjects: 0.187500 ms CreateObjectMapping: 0.066700 ms MarkObjects: 1.523000 ms  DeleteObjects: 0.103300 ms)

========================================================================
Received Import Request.
  Time since last request: 258.943904 seconds.
  path: Assets/Sprites/Instructions/Instructions Images2_2.png
  artifactKey: Guid(4259a2f029cf144419c52c8444f73100) Importer(815301076,1909f56bfc062723c751e8b465ee728b)
Start importing Assets/Sprites/Instructions/Instructions Images2_2.png using Guid(4259a2f029cf144419c52c8444f73100) Importer(815301076,1909f56bfc062723c751e8b465ee728b)  -> (artifact id: '3118f8780311cd611f7917fff1b3692e') in 0.072710 seconds
  Import took 0.075500 seconds .

========================================================================
Received Import Request.
  Time since last request: 0.000227 seconds.
  path: Assets/Sprites/Instructions/Instructions Images3_2.png
  artifactKey: Guid(cc34050d48479f845a48c858f3d4aaf4) Importer(815301076,1909f56bfc062723c751e8b465ee728b)
Start importing Assets/Sprites/Instructions/Instructions Images3_2.png using Guid(cc34050d48479f845a48c858f3d4aaf4) Importer(815301076,1909f56bfc062723c751e8b465ee728b)  -> (artifact id: '01b3c34811f056d6ed6ff4bb14adefe8') in 0.026173 seconds
  Import took 0.029222 seconds .

========================================================================
Received Import Request.
  Time since last request: 100.033369 seconds.
  path: Assets/Scenes/Main Menu.unity
  artifactKey: Guid(2dfefea3aca9e3947bc279dcd2b9fc98) Importer(815301076,1909f56bfc062723c751e8b465ee728b)
Start importing Assets/Scenes/Main Menu.unity using Guid(2dfefea3aca9e3947bc279dcd2b9fc98) Importer(815301076,1909f56bfc062723c751e8b465ee728b)  -> (artifact id: '4e583c9f70d452144e1ef3e36f642251') in 0.002074 seconds
  Import took 0.004966 seconds .

========================================================================
Received Import Request.
  Time since last request: 30.864096 seconds.
  path: Assets/Scenes/Level 1.unity
  artifactKey: Guid(09fd0231d20254f4dad813de2091e77f) Importer(815301076,1909f56bfc062723c751e8b465ee728b)
Start importing Assets/Scenes/Level 1.unity using Guid(09fd0231d20254f4dad813de2091e77f) Importer(815301076,1909f56bfc062723c751e8b465ee728b)  -> (artifact id: '066d0e55d4b42ded0359ea7840fe9f4d') in 0.002168 seconds
  Import took 0.005089 seconds .

========================================================================
Received Import Request.
  Time since last request: 53.359621 seconds.
  path: Assets/Scenes/Level 2.unity
  artifactKey: Guid(21ab9837e2c90aa4cb7d21cf902c79ff) Importer(815301076,1909f56bfc062723c751e8b465ee728b)
Start importing Assets/Scenes/Level 2.unity using Guid(21ab9837e2c90aa4cb7d21cf902c79ff) Importer(815301076,1909f56bfc062723c751e8b465ee728b)  -> (artifact id: 'db665ea87c488a2e2a0dd4ee2d388b4d') in 0.002188 seconds
  Import took 0.005605 seconds .

========================================================================
Received Import Request.
  Time since last request: 38.901080 seconds.
  path: Assets/Scenes/Level 3.unity
  artifactKey: Guid(9fe855b900c642e4da610e43e57cea9b) Importer(815301076,1909f56bfc062723c751e8b465ee728b)
Start importing Assets/Scenes/Level 3.unity using Guid(9fe855b900c642e4da610e43e57cea9b) Importer(815301076,1909f56bfc062723c751e8b465ee728b)  -> (artifact id: 'cbaa0f482753923993311bd3940342e7') in 0.002267 seconds
  Import took 0.004867 seconds .

========================================================================
Received Import Request.
  Time since last request: 34.564978 seconds.
  path: Assets/Scenes/Level 3.unity
  artifactKey: Guid(9fe855b900c642e4da610e43e57cea9b) Importer(815301076,1909f56bfc062723c751e8b465ee728b)
Start importing Assets/Scenes/Level 3.unity using Guid(9fe855b900c642e4da610e43e57cea9b) Importer(815301076,1909f56bfc062723c751e8b465ee728b)  -> (artifact id: '4edf00207b3cc14cb7e4162be907956a') in 0.002348 seconds
  Import took 0.005097 seconds .

========================================================================
Received Import Request.
  Time since last request: 31.974557 seconds.
  path: Assets/Scenes/Level 4.unity
  artifactKey: Guid(465b2d59be25ee84b917ac8e9d48cc6a) Importer(815301076,1909f56bfc062723c751e8b465ee728b)
Start importing Assets/Scenes/Level 4.unity using Guid(465b2d59be25ee84b917ac8e9d48cc6a) Importer(815301076,1909f56bfc062723c751e8b465ee728b)  -> (artifact id: '1f5ec179d84d5c877c19f39c9454b5ed') in 0.002486 seconds
  Import took 0.005188 seconds .

========================================================================
Received Prepare
Registering precompiled user dll's ...
Registered in 0.000841 seconds.
Begin MonoManager ReloadAssembly
Native extension for WindowsStandalone target not found
Native extension for OSXStandalone target not found
Refreshing native plugins compatible for Editor in 0.35 ms, found 1 plugins.
Preloading 0 native plugins for Editor in 0.00 ms.
Invoked RoslynAnalysisRunner static constructor.
RoslynAnalysisRunner will not be running.
RoslynAnalysisRunner has terminated.
Mono: successfully reloaded assembly
- Completed reload, in  0.761 seconds
Platform modules already initialized, skipping
Refreshing native plugins compatible for Editor in 0.33 ms, found 1 plugins.
Preloading 0 native plugins for Editor in 0.00 ms.
Unloading 1878 Unused Serialized files (Serialized files now loaded: 0)
System memory in use before: 91.8 MB.
System memory in use after: 91.8 MB.

Unloading 13 unused Assets to reduce memory usage. Loaded Objects now: 2435.
Total: 2.038500 ms (FindLiveObjects: 0.162300 ms CreateObjectMapping: 0.053300 ms MarkObjects: 1.714600 ms  DeleteObjects: 0.107400 ms)

========================================================================
Received Prepare
Refreshing native plugins compatible for Editor in 1.44 ms, found 1 plugins.
Preloading 0 native plugins for Editor in 0.00 ms.
Unloading 10 Unused Serialized files (Serialized files now loaded: 0)
System memory in use before: 54.9 MB.
System memory in use after: 54.9 MB.

Unloading 10 unused Assets to reduce memory usage. Loaded Objects now: 2435.
Total: 1.712300 ms (FindLiveObjects: 0.177200 ms CreateObjectMapping: 0.056600 ms MarkObjects: 1.383200 ms  DeleteObjects: 0.094400 ms)

========================================================================
Received Prepare
Refreshing native plugins compatible for Editor in 1.48 ms, found 1 plugins.
Preloading 0 native plugins for Editor in 0.00 ms.
Unloading 10 Unused Serialized files (Serialized files now loaded: 0)
System memory in use before: 54.9 MB.
System memory in use after: 54.9 MB.

Unloading 10 unused Assets to reduce memory usage. Loaded Objects now: 2435.
Total: 2.052200 ms (FindLiveObjects: 0.192800 ms CreateObjectMapping: 0.062200 ms MarkObjects: 1.686400 ms  DeleteObjects: 0.109500 ms)

AssetImportWorkerClient::OnTransportError - code=2 error=End of file
